\BOOKMARK [0][-]{Doc-Start}{Acknowledgments}{}% 1
\BOOKMARK [0][-]{chapter*.1}{Abstract}{}% 2
\BOOKMARK [0][-]{chapter.1}{Introduction}{}% 3
\BOOKMARK [1][-]{section.1.1}{Motivation}{chapter.1}% 4
\BOOKMARK [1][-]{section.1.2}{Outline}{chapter.1}% 5
\BOOKMARK [0][-]{chapter.2}{Related Work}{}% 6
\BOOKMARK [1][-]{section.2.1}{Sentiment Analysis}{chapter.2}% 7
\BOOKMARK [1][-]{section.2.2}{Aspect Based Sentiment Analysis}{chapter.2}% 8
\BOOKMARK [0][-]{chapter.3}{Theoretical Background}{}% 9
\BOOKMARK [1][-]{section.3.1}{Convolutional Neural Networks}{chapter.3}% 10
\BOOKMARK [1][-]{section.3.2}{Word Representations}{chapter.3}% 11
\BOOKMARK [2][-]{subsection.3.2.1}{Glove}{section.3.2}% 12
\BOOKMARK [2][-]{subsection.3.2.2}{FastText}{section.3.2}% 13
\BOOKMARK [2][-]{subsection.3.2.3}{Elmo}{section.3.2}% 14
\BOOKMARK [1][-]{section.3.3}{Google Transformer Architecture}{chapter.3}% 15
\BOOKMARK [2][-]{subsection.3.3.1}{Positional Encoding}{section.3.3}% 16
\BOOKMARK [2][-]{subsection.3.3.2}{Attention Mechanism}{section.3.3}% 17
\BOOKMARK [2][-]{subsection.3.3.3}{Pointwise Layer}{section.3.3}% 18
\BOOKMARK [2][-]{subsection.3.3.4}{Xavier Initialization}{section.3.3}% 19
\BOOKMARK [2][-]{subsection.3.3.5}{Adam}{section.3.3}% 20
\BOOKMARK [2][-]{subsection.3.3.6}{NOAM}{section.3.3}% 21
\BOOKMARK [1][-]{section.3.4}{Multi-Task Learning}{chapter.3}% 22
\BOOKMARK [2][-]{subsection.3.4.1}{Differentiation against Transfer Learning}{section.3.4}% 23
\BOOKMARK [2][-]{subsection.3.4.2}{Improvements through Generalization}{section.3.4}% 24
\BOOKMARK [2][-]{subsection.3.4.3}{Improvements through Data Augmentation}{section.3.4}% 25
\BOOKMARK [2][-]{subsection.3.4.4}{Architecture}{section.3.4}% 26
\BOOKMARK [1][-]{section.3.5}{Transfer Learning}{chapter.3}% 27
\BOOKMARK [1][-]{section.3.6}{Optimization}{chapter.3}% 28
\BOOKMARK [2][-]{subsection.3.6.1}{Grid Search}{section.3.6}% 29
\BOOKMARK [2][-]{subsection.3.6.2}{Random Search}{section.3.6}% 30
\BOOKMARK [2][-]{subsection.3.6.3}{HyperOpt}{section.3.6}% 31
\BOOKMARK [1][-]{section.3.7}{Methodology}{chapter.3}% 32
\BOOKMARK [2][-]{subsection.3.7.1}{Performance Measurements}{section.3.7}% 33
\BOOKMARK [2][-]{subsection.3.7.2}{Cross Validation}{section.3.7}% 34
\BOOKMARK [2][-]{subsection.3.7.3}{Early Stopping}{section.3.7}% 35
\BOOKMARK [0][-]{chapter.4}{Method}{}% 36
\BOOKMARK [1][-]{section.4.1}{Architecture}{chapter.4}% 37
\BOOKMARK [2][-]{subsection.4.1.1}{Transformer}{section.4.1}% 38
\BOOKMARK [2][-]{subsection.4.1.2}{Aspect Heads}{section.4.1}% 39
\BOOKMARK [1][-]{section.4.2}{Multi-Task Learning}{chapter.4}% 40
\BOOKMARK [1][-]{section.4.3}{Transfer Learning}{chapter.4}% 41
\BOOKMARK [0][-]{chapter.5}{Experimental Setup}{}% 42
\BOOKMARK [1][-]{section.5.1}{Data Preprocessing}{chapter.5}% 43
\BOOKMARK [2][-]{subsection.5.1.1}{Text Cleaning}{section.5.1}% 44
\BOOKMARK [2][-]{subsection.5.1.2}{Comment Clipping}{section.5.1}% 45
\BOOKMARK [2][-]{subsection.5.1.3}{Sentence Combination}{section.5.1}% 46
\BOOKMARK [1][-]{section.5.2}{Data}{chapter.5}% 47
\BOOKMARK [2][-]{subsection.5.2.1}{Conll-2003 - Named Entity Recognition}{section.5.2}% 48
\BOOKMARK [2][-]{subsection.5.2.2}{GermEval-2017 - Deutsche Bahn Tweets}{section.5.2}% 49
\BOOKMARK [2][-]{subsection.5.2.3}{Organic-2019 - Organic Comments}{section.5.2}% 50
\BOOKMARK [2][-]{subsection.5.2.4}{Multi-Domain Sentiment Dataset}{section.5.2}% 51
\BOOKMARK [1][-]{section.5.3}{Training and Evaluation}{chapter.5}% 52
\BOOKMARK [2][-]{subsection.5.3.1}{Evaluation}{section.5.3}% 53
\BOOKMARK [2][-]{subsection.5.3.2}{Hardware}{section.5.3}% 54
\BOOKMARK [2][-]{subsection.5.3.3}{Docker}{section.5.3}% 55
\BOOKMARK [0][-]{chapter.6}{Discussion of Results}{}% 56
\BOOKMARK [1][-]{section.6.1}{Hyper Parameter Optimization}{chapter.6}% 57
\BOOKMARK [2][-]{subsection.6.1.1}{Model Parameters}{section.6.1}% 58
\BOOKMARK [2][-]{subsection.6.1.2}{Data Preprocessing}{section.6.1}% 59
\BOOKMARK [1][-]{section.6.2}{Results for Named Entity Recognition}{chapter.6}% 60
\BOOKMARK [1][-]{section.6.3}{Results for Aspect-Based Sentiment Analysis}{chapter.6}% 61
\BOOKMARK [2][-]{subsection.6.3.1}{GermEval-2017}{section.6.3}% 62
\BOOKMARK [2][-]{subsection.6.3.2}{Organic-2019}{section.6.3}% 63
\BOOKMARK [2][-]{subsection.6.3.3}{Amazon Product Reviews}{section.6.3}% 64
\BOOKMARK [1][-]{section.6.4}{Impact of Multitask Learning}{chapter.6}% 65
\BOOKMARK [1][-]{section.6.5}{Impact of Transfer Learning}{chapter.6}% 66
\BOOKMARK [0][-]{chapter.7}{Conclusion}{}% 67
\BOOKMARK [1][-]{section.7.1}{Future Work}{chapter.7}% 68
\BOOKMARK [0][-]{chapter*.29}{List of Figures}{}% 69
\BOOKMARK [0][-]{chapter*.30}{List of Tables}{}% 70
\BOOKMARK [0][-]{chapter*.31}{Bibliography}{}% 71
